<?xml version="1.0" encoding="UTF-8"?>
<!-- Generated by org.testng.reporters.JUnitXMLReporter -->
<testsuite ignored="2" hostname="Aadya" failures="0" tests="7" name="Test" time="17.497" errors="0" timestamp="2023-02-16T08:17:10 IST">
  <testcase classname="test.LoginTest" name="verifyBuildTitleName" time="0.021"/>
  <testcase classname="test.LoginTest" name="verifyTitleOfLoginPage" time="3.058"/>
  <testcase classname="test.LoginTest" name="verifyCurrentUrlOfPage" time="0.006"/>
  <testcase classname="test.LoginTest" name="verifyLoginWithCorrectCredentials" time="2.23"/>
  <testcase classname="test.PIMTest" name="verifyPimPageTitle" time="1.972"/>
  <testcase classname="test.PIMTest" name="verifyEmpSearchEmpId" time="0.243"/>
  <testcase classname="test.PIMTest" name="TestIngChanges" time="0.001"/>
  <testcase classname="test.BaseTest" name="@BeforeSuite initBrowser" time="0.0">
    <ignored/>
  </testcase> <!-- @BeforeSuite initBrowser -->
  <testcase classname="test.BaseTest" name="@AfterSuite logoutUser" time="0.0">
    <ignored/>
  </testcase> <!-- @AfterSuite logoutUser -->
</testsuite> <!-- Test -->
