<?xml version="1.0" encoding="UTF-8"?>
<!-- Generated by org.testng.reporters.JUnitXMLReporter -->
<testsuite ignored="0" hostname="Aadya" failures="0" tests="3" name="Default test" time="10.585" errors="0" timestamp="2023-02-16T08:11:23 IST">
  <testcase classname="test.PIMTest" name="verifyPimPageTitle" time="1.722"/>
  <testcase classname="test.PIMTest" name="verifyEmpSearchEmpId" time="0.779"/>
  <testcase classname="test.PIMTest" name="TestIngChanges" time="0.002"/>
</testsuite> <!-- Default test -->
