<?xml version="1.0" encoding="UTF-8"?>
<testng-results ignored="2" total="9" passed="7" failed="0" skipped="0">
  <reporter-output>
  </reporter-output>
  <suite started-at="2023-02-16T08:16:53 IST" name="Suite" finished-at="2023-02-16T08:17:10 IST" duration-ms="17497">
    <groups>
      <group name="regression">
        <method signature="LoginTest.verifyBuildTitleName()[pri:-1, instance:test.LoginTest@6e0f5f7f]" name="verifyBuildTitleName" class="test.LoginTest"/>
        <method signature="LoginTest.verifyCurrentUrlOfPage()[pri:1, instance:test.LoginTest@6e0f5f7f]" name="verifyCurrentUrlOfPage" class="test.LoginTest"/>
        <method signature="LoginTest.verifyLoginWithCorrectCredentials()[pri:2, instance:test.LoginTest@6e0f5f7f]" name="verifyLoginWithCorrectCredentials" class="test.LoginTest"/>
        <method signature="LoginTest.verifyTitleOfLoginPage()[pri:0, instance:test.LoginTest@6e0f5f7f]" name="verifyTitleOfLoginPage" class="test.LoginTest"/>
        <method signature="PIMTest.TestIngChanges()[pri:5, instance:test.PIMTest@7bab3f1a]" name="TestIngChanges" class="test.PIMTest"/>
        <method signature="PIMTest.verifyEmpSearchEmpId()[pri:4, instance:test.PIMTest@7bab3f1a]" name="verifyEmpSearchEmpId" class="test.PIMTest"/>
        <method signature="PIMTest.verifyPimPageTitle()[pri:3, instance:test.PIMTest@7bab3f1a]" name="verifyPimPageTitle" class="test.PIMTest"/>
      </group> <!-- regression -->
      <group name="smoke">
        <method signature="LoginTest.verifyBuildTitleName()[pri:-1, instance:test.LoginTest@6e0f5f7f]" name="verifyBuildTitleName" class="test.LoginTest"/>
        <method signature="LoginTest.verifyCurrentUrlOfPage()[pri:1, instance:test.LoginTest@6e0f5f7f]" name="verifyCurrentUrlOfPage" class="test.LoginTest"/>
        <method signature="LoginTest.verifyLoginWithCorrectCredentials()[pri:2, instance:test.LoginTest@6e0f5f7f]" name="verifyLoginWithCorrectCredentials" class="test.LoginTest"/>
        <method signature="LoginTest.verifyTitleOfLoginPage()[pri:0, instance:test.LoginTest@6e0f5f7f]" name="verifyTitleOfLoginPage" class="test.LoginTest"/>
        <method signature="PIMTest.TestIngChanges()[pri:5, instance:test.PIMTest@7bab3f1a]" name="TestIngChanges" class="test.PIMTest"/>
        <method signature="PIMTest.verifyEmpSearchEmpId()[pri:4, instance:test.PIMTest@7bab3f1a]" name="verifyEmpSearchEmpId" class="test.PIMTest"/>
        <method signature="PIMTest.verifyPimPageTitle()[pri:3, instance:test.PIMTest@7bab3f1a]" name="verifyPimPageTitle" class="test.PIMTest"/>
      </group> <!-- smoke -->
    </groups>
    <test started-at="2023-02-16T08:16:53 IST" name="Test" finished-at="2023-02-16T08:17:10 IST" duration-ms="17497">
      <class name="test.PIMTest">
        <test-method is-config="true" signature="pageObjects()[pri:0, instance:test.PIMTest@7bab3f1a]" started-at="2023-02-16T08:17:03 IST" name="pageObjects" finished-at="2023-02-16T08:17:03 IST" duration-ms="1" status="PASS">
          <reporter-output>
          </reporter-output>
        </test-method> <!-- pageObjects -->
        <test-method is-config="true" signature="login()[pri:0, instance:test.PIMTest@7bab3f1a]" started-at="2023-02-16T08:17:03 IST" name="login" finished-at="2023-02-16T08:17:06 IST" duration-ms="2290" status="PASS">
          <reporter-output>
          </reporter-output>
        </test-method> <!-- login -->
        <test-method signature="verifyPimPageTitle()[pri:3, instance:test.PIMTest@7bab3f1a]" started-at="2023-02-16T08:17:06 IST" name="verifyPimPageTitle" finished-at="2023-02-16T08:17:08 IST" duration-ms="1972" status="PASS">
          <reporter-output>
          </reporter-output>
        </test-method> <!-- verifyPimPageTitle -->
        <test-method signature="verifyEmpSearchEmpId()[pri:4, instance:test.PIMTest@7bab3f1a]" started-at="2023-02-16T08:17:08 IST" name="verifyEmpSearchEmpId" finished-at="2023-02-16T08:17:08 IST" duration-ms="243" status="PASS">
          <reporter-output>
          </reporter-output>
        </test-method> <!-- verifyEmpSearchEmpId -->
        <test-method signature="TestIngChanges()[pri:5, instance:test.PIMTest@7bab3f1a]" started-at="2023-02-16T08:17:08 IST" name="TestIngChanges" finished-at="2023-02-16T08:17:08 IST" duration-ms="1" status="PASS">
          <reporter-output>
          </reporter-output>
        </test-method> <!-- TestIngChanges -->
        <test-method is-config="true" signature="logOutUser()[pri:0, instance:test.PIMTest@7bab3f1a]" started-at="2023-02-16T08:17:08 IST" name="logOutUser" finished-at="2023-02-16T08:17:10 IST" duration-ms="2595" status="PASS">
          <reporter-output>
          </reporter-output>
        </test-method> <!-- logOutUser -->
      </class> <!-- test.PIMTest -->
      <class name="test.LoginTest">
        <test-method is-config="true" signature="initBrowser()[pri:0, instance:test.LoginTest@6e0f5f7f]" started-at="2023-02-16T08:16:02 IST" name="initBrowser" finished-at="2023-02-16T08:16:53 IST" duration-ms="50965" status="PASS">
          <reporter-output>
          </reporter-output>
        </test-method> <!-- initBrowser -->
        <test-method is-config="true" signature="pageObjects()[pri:0, instance:test.LoginTest@6e0f5f7f]" started-at="2023-02-16T08:16:53 IST" name="pageObjects" finished-at="2023-02-16T08:16:53 IST" duration-ms="35" status="PASS">
          <reporter-output>
          </reporter-output>
        </test-method> <!-- pageObjects -->
        <test-method signature="verifyBuildTitleName()[pri:-1, instance:test.LoginTest@6e0f5f7f]" started-at="2023-02-16T08:16:53 IST" name="verifyBuildTitleName" finished-at="2023-02-16T08:16:53 IST" duration-ms="21" status="PASS">
          <reporter-output>
          </reporter-output>
        </test-method> <!-- verifyBuildTitleName -->
        <test-method signature="verifyTitleOfLoginPage()[pri:0, instance:test.LoginTest@6e0f5f7f]" started-at="2023-02-16T08:16:53 IST" name="verifyTitleOfLoginPage" finished-at="2023-02-16T08:16:56 IST" duration-ms="3058" status="PASS">
          <reporter-output>
          </reporter-output>
        </test-method> <!-- verifyTitleOfLoginPage -->
        <test-method signature="verifyCurrentUrlOfPage()[pri:1, instance:test.LoginTest@6e0f5f7f]" started-at="2023-02-16T08:16:56 IST" name="verifyCurrentUrlOfPage" finished-at="2023-02-16T08:16:56 IST" duration-ms="6" status="PASS">
          <reporter-output>
          </reporter-output>
        </test-method> <!-- verifyCurrentUrlOfPage -->
        <test-method signature="verifyLoginWithCorrectCredentials()[pri:2, instance:test.LoginTest@6e0f5f7f]" started-at="2023-02-16T08:16:56 IST" name="verifyLoginWithCorrectCredentials" finished-at="2023-02-16T08:16:58 IST" duration-ms="2230" status="PASS">
          <reporter-output>
          </reporter-output>
        </test-method> <!-- verifyLoginWithCorrectCredentials -->
        <test-method is-config="true" signature="logOutUser()[pri:0, instance:test.LoginTest@6e0f5f7f]" started-at="2023-02-16T08:16:58 IST" name="logOutUser" finished-at="2023-02-16T08:17:03 IST" duration-ms="4990" status="PASS">
          <reporter-output>
          </reporter-output>
        </test-method> <!-- logOutUser -->
        <test-method is-config="true" signature="logoutUser()[pri:0, instance:test.LoginTest@6e0f5f7f]" started-at="2023-02-16T08:17:10 IST" name="logoutUser" finished-at="2023-02-16T08:17:11 IST" duration-ms="760" status="PASS">
          <reporter-output>
          </reporter-output>
        </test-method> <!-- logoutUser -->
      </class> <!-- test.LoginTest -->
    </test> <!-- Test -->
  </suite> <!-- Suite -->
</testng-results>
